2015 03 28 13 14 42 24.0 15.2 7.0
2015 03 28 13 15 10 24.0 15.2 7.0
2015 03 28 13 16 15 23.9 15.3 7.0
2015 03 28 13 16 19 24.0 15.3 7.1
2015 03 28 13 21 21 23.9 16.2 7.1
2015 03 28 13 26 30 23.8 17.1 7.2
2015 03 28 13 31 37 23.8 17.9 7.4
2015 03 28 13 36 43 23.8 18.6 7.5
2015 03 28 13 41 47 23.7 19.3 7.6
2015 03 28 13 46 51 23.7 19.9 7.7
2015 03 28 13 51 57 23.7 20.3 7.8
2015 03 28 13 57 01 23.6 20.8 7.8
2015 03 28 14 02 05 23.6 21.2 7.8
2015 03 28 14 07 09 23.6 21.7 7.9
2015 03 28 14 12 13 23.6 22.0 8.0
2015 03 28 14 17 17 23.6 22.4 8.1
2015 03 28 14 22 24 23.6 22.8 8.2
2015 03 28 14 27 31 23.6 23.1 8.2
2015 03 28 14 32 36 23.6 23.4 8.3
2015 03 28 14 37 40 23.7 23.7 8.4
2015 03 28 14 42 50 23.6 23.9 8.4
2015 03 28 14 47 55 23.6 24.1 8.4
2015 03 28 14 52 59 23.7 24.4 8.6
2015 03 28 15 10 02 23.7 25.1 8.7
2015 03 28 15 15 12 23.7 25.3 8.8
2015 03 28 15 28 17 23.7 25.7 8.8
2015 03 28 15 33 24 23.7 25.9 8.9
2015 03 28 15 38 31 23.8 26.0 9.0
